----------

Mon Jul 10 2023 00:22:06 GMT+0530 (India Standard Time)

warning: in the working copy of 'index.html', LF will be replaced by CRLF the next time Git touches it


----------

Mon Jul 10 2023 00:22:06 GMT+0530 (India Standard Time)

warning: in the working copy of 'assets/bootstrap/css/bootstrap.min.css', LF will be replaced by CRLF the next time Git touches it


----------

Mon Jul 10 2023 00:22:06 GMT+0530 (India Standard Time)

warning: in the working copy of 'assets/bootstrap/js/bootstrap.min.js', LF will be replaced by CRLF the next time Git touches it


----------

Mon Jul 10 2023 00:22:06 GMT+0530 (India Standard Time)

warning: in the working copy of 'assets/css/pikaday.min.css', LF will be replaced by CRLF the next time Git touches it


----------

Mon Jul 10 2023 00:22:06 GMT+0530 (India Standard Time)

warning: in the working copy of 'assets/fonts/ionicons.min.css', LF will be replaced by CRLF the next time Git touches it


----------

Mon Jul 10 2023 00:22:06 GMT+0530 (India Standard Time)

warning: in the working copy of 'assets/fonts/ionicons.svg', LF will be replaced by CRLF the next time Git touches it


----------

Mon Jul 10 2023 00:22:06 GMT+0530 (India Standard Time)

warning: in the working copy of 'assets/js/theme.js', LF will be replaced by CRLF the next time Git touches it


----------

Mon Jul 10 2023 00:22:06 GMT+0530 (India Standard Time)

warning: in the working copy of 'cv.html', LF will be replaced by CRLF the next time Git touches it


----------

Mon Jul 10 2023 00:22:06 GMT+0530 (India Standard Time)

warning: in the working copy of 'hire-me.html', LF will be replaced by CRLF the next time Git touches it


----------

Mon Jul 10 2023 00:22:06 GMT+0530 (India Standard Time)

warning: in the working copy of 'projects-grid-cards.html', LF will be replaced by CRLF the next time Git touches it


----------

Mon Jul 10 2023 00:22:06 GMT+0530 (India Standard Time)

warning: in the working copy of 'sitemap.xml', LF will be replaced by CRLF the next time Git touches it


----------

Mon Jul 10 2023 00:22:34 GMT+0530 (India Standard Time)

To https://github.com/AnpujNS/AnpujNS.github.io.git
   7a9a3bd..f16fe27  main -> main


